<?xml version="1.0" encoding="UTF-8"?>
<testng-results ignored="0" total="1" passed="1" failed="0" skipped="0">
  <reporter-output>
  </reporter-output>
  <suite started-at="2025-04-07T20:14:24 IST" name="Suite" finished-at="2025-04-07T20:14:26 IST" duration-ms="2082">
    <groups>
    </groups>
    <test started-at="2025-04-07T20:14:24 IST" name="Test" finished-at="2025-04-07T20:14:26 IST" duration-ms="2082">
      <class name="TestCase.LoginTest">
        <test-method is-config="true" signature="setUp()[pri:0, instance:TestCase.LoginTest@3c22fc4c]" started-at="2025-04-07T20:14:18 IST" name="setUp" finished-at="2025-04-07T20:14:24 IST" duration-ms="6427" status="PASS">
          <reporter-output>
          </reporter-output>
        </test-method> <!-- setUp -->
        <test-method signature="loginTest()[pri:2, instance:TestCase.LoginTest@3c22fc4c]" started-at="2025-04-07T20:14:24 IST" name="loginTest" description="Verify user is able to login into the application" finished-at="2025-04-07T20:14:26 IST" duration-ms="1991" status="PASS">
          <reporter-output>
          </reporter-output>
        </test-method> <!-- loginTest -->
        <test-method is-config="true" signature="getResult(org.testng.ITestResult)[pri:0, instance:TestCase.LoginTest@3c22fc4c]" started-at="2025-04-07T20:14:26 IST" name="getResult" finished-at="2025-04-07T20:14:26 IST" duration-ms="11" status="PASS">
          <params>
            <param index="0">
              <value>
                <![CDATA[[TestResult name=loginTest status=SUCCESS method=LoginTest.loginTest()[pri:2, instance:TestCase.LoginTest@3c22fc4c] output={null}]]]>
              </value>
            </param>
          </params>
          <reporter-output>
          </reporter-output>
        </test-method> <!-- getResult -->
        <test-method is-config="true" signature="tearDown()[pri:0, instance:TestCase.LoginTest@3c22fc4c]" started-at="2025-04-07T20:14:27 IST" name="tearDown" finished-at="2025-04-07T20:14:27 IST" duration-ms="297" status="PASS">
          <reporter-output>
          </reporter-output>
        </test-method> <!-- tearDown -->
      </class> <!-- TestCase.LoginTest -->
    </test> <!-- Test -->
  </suite> <!-- Suite -->
</testng-results>
