<?xml version="1.0" encoding="UTF-8"?>
<testng-results ignored="0" total="1" passed="1" failed="0" skipped="0">
  <reporter-output>
  </reporter-output>
  <suite started-at="2025-04-07T20:41:34 IST" name="Default suite" finished-at="2025-04-07T20:41:37 IST" duration-ms="2432">
    <groups>
    </groups>
    <test started-at="2025-04-07T20:41:34 IST" name="Default test" finished-at="2025-04-07T20:41:37 IST" duration-ms="2432">
      <class name="BaseAPI">
        <test-method signature="createUser()[pri:0, instance:BaseAPI@5ffead27]" started-at="2025-04-07T20:41:34 IST" name="createUser" finished-at="2025-04-07T20:41:37 IST" duration-ms="2388" status="PASS">
          <reporter-output>
          </reporter-output>
        </test-method> <!-- createUser -->
      </class> <!-- BaseAPI -->
    </test> <!-- Default test -->
  </suite> <!-- Default suite -->
</testng-results>
